<?xml version="1.0" encoding="UTF-8" standalone="no"?>
<!DOCTYPE log SYSTEM "logger.dtd">
<log>
<record>
  <date>2018-09-26T10:49:15</date>
  <millis>1537948155486</millis>
  <sequence>2</sequence>
  <logger>lesson13.logging_tests.jul.Main</logger>
  <level>INFO</level>
  <class>lesson13.logging_tests.jul.Main</class>
  <method>main</method>
  <thread>1</thread>
  <message>Message to file and console</message>
</record>
<record>
  <date>2018-09-26T10:49:15</date>
  <millis>1537948155487</millis>
  <sequence>3</sequence>
  <logger>lesson13.logging_tests.jul.Main</logger>
  <level>WARNING</level>
  <class>lesson13.logging_tests.jul.Main</class>
  <method>main</method>
  <thread>1</thread>
  <message>warning to file and console</message>
</record>
</log>
